<?xml version="1.0" encoding="UTF-8"?>
<testsuite xmlns:xsi="http://www.w3.org/2001/XMLSchema-instance" xsi:noNamespaceSchemaLocation="https://maven.apache.org/surefire/maven-surefire-plugin/xsd/surefire-test-report.xsd" name="com.yruns.ReggieApplicationTests" time="4.578" tests="1" errors="0" skipped="0" failures="0">
  <properties>
    <property name="sun.desktop" value="windows"/>
    <property name="awt.toolkit" value="sun.awt.windows.WToolkit"/>
    <property name="file.encoding.pkg" value="sun.io"/>
    <property name="java.specification.version" value="1.8"/>
    <property name="sun.cpu.isalist" value=""/>
    <property name="sun.jnu.encoding" value="GBK"/>
    <property name="java.class.path" value="D:\Codefield\IdeaProjects\JAVAEE\reggie\reggie\target\test-classes;D:\Codefield\IdeaProjects\JAVAEE\reggie\reggie\target\classes;D:\softwarespace\apache-maven-3.6.1\resp\org\springframework\boot\spring-boot-starter\2.4.5\spring-boot-starter-2.4.5.jar;D:\softwarespace\apache-maven-3.6.1\resp\org\springframework\boot\spring-boot\2.4.5\spring-boot-2.4.5.jar;D:\softwarespace\apache-maven-3.6.1\resp\org\springframework\spring-context\5.3.6\spring-context-5.3.6.jar;D:\softwarespace\apache-maven-3.6.1\resp\org\springframework\boot\spring-boot-autoconfigure\2.4.5\spring-boot-autoconfigure-2.4.5.jar;D:\softwarespace\apache-maven-3.6.1\resp\org\springframework\boot\spring-boot-starter-logging\2.4.5\spring-boot-starter-logging-2.4.5.jar;D:\softwarespace\apache-maven-3.6.1\resp\ch\qos\logback\logback-classic\1.2.3\logback-classic-1.2.3.jar;D:\softwarespace\apache-maven-3.6.1\resp\ch\qos\logback\logback-core\1.2.3\logback-core-1.2.3.jar;D:\softwarespace\apache-maven-3.6.1\resp\org\apache\logging\log4j\log4j-to-slf4j\2.13.3\log4j-to-slf4j-2.13.3.jar;D:\softwarespace\apache-maven-3.6.1\resp\org\apache\logging\log4j\log4j-api\2.13.3\log4j-api-2.13.3.jar;D:\softwarespace\apache-maven-3.6.1\resp\org\slf4j\jul-to-slf4j\1.7.30\jul-to-slf4j-1.7.30.jar;D:\softwarespace\apache-maven-3.6.1\resp\jakarta\annotation\jakarta.annotation-api\1.3.5\jakarta.annotation-api-1.3.5.jar;D:\softwarespace\apache-maven-3.6.1\resp\org\springframework\spring-core\5.3.6\spring-core-5.3.6.jar;D:\softwarespace\apache-maven-3.6.1\resp\org\springframework\spring-jcl\5.3.6\spring-jcl-5.3.6.jar;D:\softwarespace\apache-maven-3.6.1\resp\org\yaml\snakeyaml\1.27\snakeyaml-1.27.jar;D:\softwarespace\apache-maven-3.6.1\resp\org\springframework\boot\spring-boot-starter-test\2.4.5\spring-boot-starter-test-2.4.5.jar;D:\softwarespace\apache-maven-3.6.1\resp\org\springframework\boot\spring-boot-test\2.4.5\spring-boot-test-2.4.5.jar;D:\softwarespace\apache-maven-3.6.1\resp\org\springframework\boot\spring-boot-test-autoconfigure\2.4.5\spring-boot-test-autoconfigure-2.4.5.jar;D:\softwarespace\apache-maven-3.6.1\resp\com\jayway\jsonpath\json-path\2.4.0\json-path-2.4.0.jar;D:\softwarespace\apache-maven-3.6.1\resp\net\minidev\json-smart\2.3\json-smart-2.3.jar;D:\softwarespace\apache-maven-3.6.1\resp\net\minidev\accessors-smart\1.2\accessors-smart-1.2.jar;D:\softwarespace\apache-maven-3.6.1\resp\org\ow2\asm\asm\5.0.4\asm-5.0.4.jar;D:\softwarespace\apache-maven-3.6.1\resp\jakarta\xml\bind\jakarta.xml.bind-api\2.3.3\jakarta.xml.bind-api-2.3.3.jar;D:\softwarespace\apache-maven-3.6.1\resp\jakarta\activation\jakarta.activation-api\1.2.2\jakarta.activation-api-1.2.2.jar;D:\softwarespace\apache-maven-3.6.1\resp\org\assertj\assertj-core\3.18.1\assertj-core-3.18.1.jar;D:\softwarespace\apache-maven-3.6.1\resp\org\hamcrest\hamcrest\2.2\hamcrest-2.2.jar;D:\softwarespace\apache-maven-3.6.1\resp\org\junit\jupiter\junit-jupiter\5.7.1\junit-jupiter-5.7.1.jar;D:\softwarespace\apache-maven-3.6.1\resp\org\junit\jupiter\junit-jupiter-api\5.7.1\junit-jupiter-api-5.7.1.jar;D:\softwarespace\apache-maven-3.6.1\resp\org\apiguardian\apiguardian-api\1.1.0\apiguardian-api-1.1.0.jar;D:\softwarespace\apache-maven-3.6.1\resp\org\opentest4j\opentest4j\1.2.0\opentest4j-1.2.0.jar;D:\softwarespace\apache-maven-3.6.1\resp\org\junit\platform\junit-platform-commons\1.7.1\junit-platform-commons-1.7.1.jar;D:\softwarespace\apache-maven-3.6.1\resp\org\junit\jupiter\junit-jupiter-params\5.7.1\junit-jupiter-params-5.7.1.jar;D:\softwarespace\apache-maven-3.6.1\resp\org\junit\jupiter\junit-jupiter-engine\5.7.1\junit-jupiter-engine-5.7.1.jar;D:\softwarespace\apache-maven-3.6.1\resp\org\junit\platform\junit-platform-engine\1.7.1\junit-platform-engine-1.7.1.jar;D:\softwarespace\apache-maven-3.6.1\resp\org\mockito\mockito-core\3.6.28\mockito-core-3.6.28.jar;D:\softwarespace\apache-maven-3.6.1\resp\net\bytebuddy\byte-buddy\1.10.22\byte-buddy-1.10.22.jar;D:\softwarespace\apache-maven-3.6.1\resp\net\bytebuddy\byte-buddy-agent\1.10.22\byte-buddy-agent-1.10.22.jar;D:\softwarespace\apache-maven-3.6.1\resp\org\objenesis\objenesis\3.1\objenesis-3.1.jar;D:\softwarespace\apache-maven-3.6.1\resp\org\mockito\mockito-junit-jupiter\3.6.28\mockito-junit-jupiter-3.6.28.jar;D:\softwarespace\apache-maven-3.6.1\resp\org\skyscreamer\jsonassert\1.5.0\jsonassert-1.5.0.jar;D:\softwarespace\apache-maven-3.6.1\resp\com\vaadin\external\google\android-json\0.0.20131108.vaadin1\android-json-0.0.20131108.vaadin1.jar;D:\softwarespace\apache-maven-3.6.1\resp\org\springframework\spring-test\5.3.6\spring-test-5.3.6.jar;D:\softwarespace\apache-maven-3.6.1\resp\org\xmlunit\xmlunit-core\2.7.0\xmlunit-core-2.7.0.jar;D:\softwarespace\apache-maven-3.6.1\resp\org\springframework\boot\spring-boot-starter-web\2.4.5\spring-boot-starter-web-2.4.5.jar;D:\softwarespace\apache-maven-3.6.1\resp\org\springframework\boot\spring-boot-starter-json\2.4.5\spring-boot-starter-json-2.4.5.jar;D:\softwarespace\apache-maven-3.6.1\resp\com\fasterxml\jackson\core\jackson-databind\2.11.4\jackson-databind-2.11.4.jar;D:\softwarespace\apache-maven-3.6.1\resp\com\fasterxml\jackson\core\jackson-annotations\2.11.4\jackson-annotations-2.11.4.jar;D:\softwarespace\apache-maven-3.6.1\resp\com\fasterxml\jackson\core\jackson-core\2.11.4\jackson-core-2.11.4.jar;D:\softwarespace\apache-maven-3.6.1\resp\com\fasterxml\jackson\datatype\jackson-datatype-jdk8\2.11.4\jackson-datatype-jdk8-2.11.4.jar;D:\softwarespace\apache-maven-3.6.1\resp\com\fasterxml\jackson\datatype\jackson-datatype-jsr310\2.11.4\jackson-datatype-jsr310-2.11.4.jar;D:\softwarespace\apache-maven-3.6.1\resp\com\fasterxml\jackson\module\jackson-module-parameter-names\2.11.4\jackson-module-parameter-names-2.11.4.jar;D:\softwarespace\apache-maven-3.6.1\resp\org\springframework\boot\spring-boot-starter-tomcat\2.4.5\spring-boot-starter-tomcat-2.4.5.jar;D:\softwarespace\apache-maven-3.6.1\resp\org\apache\tomcat\embed\tomcat-embed-core\9.0.45\tomcat-embed-core-9.0.45.jar;D:\softwarespace\apache-maven-3.6.1\resp\org\glassfish\jakarta.el\3.0.3\jakarta.el-3.0.3.jar;D:\softwarespace\apache-maven-3.6.1\resp\org\apache\tomcat\embed\tomcat-embed-websocket\9.0.45\tomcat-embed-websocket-9.0.45.jar;D:\softwarespace\apache-maven-3.6.1\resp\org\springframework\spring-web\5.3.6\spring-web-5.3.6.jar;D:\softwarespace\apache-maven-3.6.1\resp\org\springframework\spring-beans\5.3.6\spring-beans-5.3.6.jar;D:\softwarespace\apache-maven-3.6.1\resp\org\springframework\spring-webmvc\5.3.6\spring-webmvc-5.3.6.jar;D:\softwarespace\apache-maven-3.6.1\resp\org\springframework\spring-aop\5.3.6\spring-aop-5.3.6.jar;D:\softwarespace\apache-maven-3.6.1\resp\org\springframework\spring-expression\5.3.6\spring-expression-5.3.6.jar;D:\softwarespace\apache-maven-3.6.1\resp\com\baomidou\mybatis-plus-boot-starter\3.4.2\mybatis-plus-boot-starter-3.4.2.jar;D:\softwarespace\apache-maven-3.6.1\resp\com\baomidou\mybatis-plus\3.4.2\mybatis-plus-3.4.2.jar;D:\softwarespace\apache-maven-3.6.1\resp\com\baomidou\mybatis-plus-extension\3.4.2\mybatis-plus-extension-3.4.2.jar;D:\softwarespace\apache-maven-3.6.1\resp\com\baomidou\mybatis-plus-core\3.4.2\mybatis-plus-core-3.4.2.jar;D:\softwarespace\apache-maven-3.6.1\resp\com\baomidou\mybatis-plus-annotation\3.4.2\mybatis-plus-annotation-3.4.2.jar;D:\softwarespace\apache-maven-3.6.1\resp\com\github\jsqlparser\jsqlparser\4.0\jsqlparser-4.0.jar;D:\softwarespace\apache-maven-3.6.1\resp\org\mybatis\mybatis\3.5.6\mybatis-3.5.6.jar;D:\softwarespace\apache-maven-3.6.1\resp\org\mybatis\mybatis-spring\2.0.5\mybatis-spring-2.0.5.jar;D:\softwarespace\apache-maven-3.6.1\resp\org\springframework\boot\spring-boot-starter-jdbc\2.4.5\spring-boot-starter-jdbc-2.4.5.jar;D:\softwarespace\apache-maven-3.6.1\resp\com\zaxxer\HikariCP\3.4.5\HikariCP-3.4.5.jar;D:\softwarespace\apache-maven-3.6.1\resp\org\springframework\spring-jdbc\5.3.6\spring-jdbc-5.3.6.jar;D:\softwarespace\apache-maven-3.6.1\resp\org\springframework\spring-tx\5.3.6\spring-tx-5.3.6.jar;D:\softwarespace\apache-maven-3.6.1\resp\org\projectlombok\lombok\1.18.20\lombok-1.18.20.jar;D:\softwarespace\apache-maven-3.6.1\resp\com\alibaba\fastjson\1.2.76\fastjson-1.2.76.jar;D:\softwarespace\apache-maven-3.6.1\resp\commons-lang\commons-lang\2.6\commons-lang-2.6.jar;D:\softwarespace\apache-maven-3.6.1\resp\mysql\mysql-connector-java\8.0.23\mysql-connector-java-8.0.23.jar;D:\softwarespace\apache-maven-3.6.1\resp\com\alibaba\druid-spring-boot-starter\1.1.23\druid-spring-boot-starter-1.1.23.jar;D:\softwarespace\apache-maven-3.6.1\resp\com\alibaba\druid\1.1.23\druid-1.1.23.jar;D:\softwarespace\apache-maven-3.6.1\resp\org\slf4j\slf4j-api\1.7.30\slf4j-api-1.7.30.jar;"/>
    <property name="java.vm.vendor" value="Oracle Corporation"/>
    <property name="sun.arch.data.model" value="32"/>
    <property name="user.variant" value=""/>
    <property name="java.vendor.url" value="http://java.oracle.com/"/>
    <property name="user.timezone" value="Asia/Shanghai"/>
    <property name="java.vm.specification.version" value="1.8"/>
    <property name="os.name" value="Windows 10"/>
    <property name="user.country" value="CN"/>
    <property name="sun.java.launcher" value="SUN_STANDARD"/>
    <property name="sun.boot.library.path" value="C:\Program Files\AdoptOpenJDK\jdk8\jre\bin"/>
    <property name="sun.java.command" value="C:\Users\86185\AppData\Local\Temp\surefire4883322235040014820\surefirebooter5389044035025105665.jar C:\Users\86185\AppData\Local\Temp\surefire4883322235040014820 2022-10-02T04-14-39_742-jvmRun1 surefire7720254889670510481tmp surefire_06477574420981857316tmp"/>
    <property name="surefire.test.class.path" value="D:\Codefield\IdeaProjects\JAVAEE\reggie\reggie\target\test-classes;D:\Codefield\IdeaProjects\JAVAEE\reggie\reggie\target\classes;D:\softwarespace\apache-maven-3.6.1\resp\org\springframework\boot\spring-boot-starter\2.4.5\spring-boot-starter-2.4.5.jar;D:\softwarespace\apache-maven-3.6.1\resp\org\springframework\boot\spring-boot\2.4.5\spring-boot-2.4.5.jar;D:\softwarespace\apache-maven-3.6.1\resp\org\springframework\spring-context\5.3.6\spring-context-5.3.6.jar;D:\softwarespace\apache-maven-3.6.1\resp\org\springframework\boot\spring-boot-autoconfigure\2.4.5\spring-boot-autoconfigure-2.4.5.jar;D:\softwarespace\apache-maven-3.6.1\resp\org\springframework\boot\spring-boot-starter-logging\2.4.5\spring-boot-starter-logging-2.4.5.jar;D:\softwarespace\apache-maven-3.6.1\resp\ch\qos\logback\logback-classic\1.2.3\logback-classic-1.2.3.jar;D:\softwarespace\apache-maven-3.6.1\resp\ch\qos\logback\logback-core\1.2.3\logback-core-1.2.3.jar;D:\softwarespace\apache-maven-3.6.1\resp\org\apache\logging\log4j\log4j-to-slf4j\2.13.3\log4j-to-slf4j-2.13.3.jar;D:\softwarespace\apache-maven-3.6.1\resp\org\apache\logging\log4j\log4j-api\2.13.3\log4j-api-2.13.3.jar;D:\softwarespace\apache-maven-3.6.1\resp\org\slf4j\jul-to-slf4j\1.7.30\jul-to-slf4j-1.7.30.jar;D:\softwarespace\apache-maven-3.6.1\resp\jakarta\annotation\jakarta.annotation-api\1.3.5\jakarta.annotation-api-1.3.5.jar;D:\softwarespace\apache-maven-3.6.1\resp\org\springframework\spring-core\5.3.6\spring-core-5.3.6.jar;D:\softwarespace\apache-maven-3.6.1\resp\org\springframework\spring-jcl\5.3.6\spring-jcl-5.3.6.jar;D:\softwarespace\apache-maven-3.6.1\resp\org\yaml\snakeyaml\1.27\snakeyaml-1.27.jar;D:\softwarespace\apache-maven-3.6.1\resp\org\springframework\boot\spring-boot-starter-test\2.4.5\spring-boot-starter-test-2.4.5.jar;D:\softwarespace\apache-maven-3.6.1\resp\org\springframework\boot\spring-boot-test\2.4.5\spring-boot-test-2.4.5.jar;D:\softwarespace\apache-maven-3.6.1\resp\org\springframework\boot\spring-boot-test-autoconfigure\2.4.5\spring-boot-test-autoconfigure-2.4.5.jar;D:\softwarespace\apache-maven-3.6.1\resp\com\jayway\jsonpath\json-path\2.4.0\json-path-2.4.0.jar;D:\softwarespace\apache-maven-3.6.1\resp\net\minidev\json-smart\2.3\json-smart-2.3.jar;D:\softwarespace\apache-maven-3.6.1\resp\net\minidev\accessors-smart\1.2\accessors-smart-1.2.jar;D:\softwarespace\apache-maven-3.6.1\resp\org\ow2\asm\asm\5.0.4\asm-5.0.4.jar;D:\softwarespace\apache-maven-3.6.1\resp\jakarta\xml\bind\jakarta.xml.bind-api\2.3.3\jakarta.xml.bind-api-2.3.3.jar;D:\softwarespace\apache-maven-3.6.1\resp\jakarta\activation\jakarta.activation-api\1.2.2\jakarta.activation-api-1.2.2.jar;D:\softwarespace\apache-maven-3.6.1\resp\org\assertj\assertj-core\3.18.1\assertj-core-3.18.1.jar;D:\softwarespace\apache-maven-3.6.1\resp\org\hamcrest\hamcrest\2.2\hamcrest-2.2.jar;D:\softwarespace\apache-maven-3.6.1\resp\org\junit\jupiter\junit-jupiter\5.7.1\junit-jupiter-5.7.1.jar;D:\softwarespace\apache-maven-3.6.1\resp\org\junit\jupiter\junit-jupiter-api\5.7.1\junit-jupiter-api-5.7.1.jar;D:\softwarespace\apache-maven-3.6.1\resp\org\apiguardian\apiguardian-api\1.1.0\apiguardian-api-1.1.0.jar;D:\softwarespace\apache-maven-3.6.1\resp\org\opentest4j\opentest4j\1.2.0\opentest4j-1.2.0.jar;D:\softwarespace\apache-maven-3.6.1\resp\org\junit\platform\junit-platform-commons\1.7.1\junit-platform-commons-1.7.1.jar;D:\softwarespace\apache-maven-3.6.1\resp\org\junit\jupiter\junit-jupiter-params\5.7.1\junit-jupiter-params-5.7.1.jar;D:\softwarespace\apache-maven-3.6.1\resp\org\junit\jupiter\junit-jupiter-engine\5.7.1\junit-jupiter-engine-5.7.1.jar;D:\softwarespace\apache-maven-3.6.1\resp\org\junit\platform\junit-platform-engine\1.7.1\junit-platform-engine-1.7.1.jar;D:\softwarespace\apache-maven-3.6.1\resp\org\mockito\mockito-core\3.6.28\mockito-core-3.6.28.jar;D:\softwarespace\apache-maven-3.6.1\resp\net\bytebuddy\byte-buddy\1.10.22\byte-buddy-1.10.22.jar;D:\softwarespace\apache-maven-3.6.1\resp\net\bytebuddy\byte-buddy-agent\1.10.22\byte-buddy-agent-1.10.22.jar;D:\softwarespace\apache-maven-3.6.1\resp\org\objenesis\objenesis\3.1\objenesis-3.1.jar;D:\softwarespace\apache-maven-3.6.1\resp\org\mockito\mockito-junit-jupiter\3.6.28\mockito-junit-jupiter-3.6.28.jar;D:\softwarespace\apache-maven-3.6.1\resp\org\skyscreamer\jsonassert\1.5.0\jsonassert-1.5.0.jar;D:\softwarespace\apache-maven-3.6.1\resp\com\vaadin\external\google\android-json\0.0.20131108.vaadin1\android-json-0.0.20131108.vaadin1.jar;D:\softwarespace\apache-maven-3.6.1\resp\org\springframework\spring-test\5.3.6\spring-test-5.3.6.jar;D:\softwarespace\apache-maven-3.6.1\resp\org\xmlunit\xmlunit-core\2.7.0\xmlunit-core-2.7.0.jar;D:\softwarespace\apache-maven-3.6.1\resp\org\springframework\boot\spring-boot-starter-web\2.4.5\spring-boot-starter-web-2.4.5.jar;D:\softwarespace\apache-maven-3.6.1\resp\org\springframework\boot\spring-boot-starter-json\2.4.5\spring-boot-starter-json-2.4.5.jar;D:\softwarespace\apache-maven-3.6.1\resp\com\fasterxml\jackson\core\jackson-databind\2.11.4\jackson-databind-2.11.4.jar;D:\softwarespace\apache-maven-3.6.1\resp\com\fasterxml\jackson\core\jackson-annotations\2.11.4\jackson-annotations-2.11.4.jar;D:\softwarespace\apache-maven-3.6.1\resp\com\fasterxml\jackson\core\jackson-core\2.11.4\jackson-core-2.11.4.jar;D:\softwarespace\apache-maven-3.6.1\resp\com\fasterxml\jackson\datatype\jackson-datatype-jdk8\2.11.4\jackson-datatype-jdk8-2.11.4.jar;D:\softwarespace\apache-maven-3.6.1\resp\com\fasterxml\jackson\datatype\jackson-datatype-jsr310\2.11.4\jackson-datatype-jsr310-2.11.4.jar;D:\softwarespace\apache-maven-3.6.1\resp\com\fasterxml\jackson\module\jackson-module-parameter-names\2.11.4\jackson-module-parameter-names-2.11.4.jar;D:\softwarespace\apache-maven-3.6.1\resp\org\springframework\boot\spring-boot-starter-tomcat\2.4.5\spring-boot-starter-tomcat-2.4.5.jar;D:\softwarespace\apache-maven-3.6.1\resp\org\apache\tomcat\embed\tomcat-embed-core\9.0.45\tomcat-embed-core-9.0.45.jar;D:\softwarespace\apache-maven-3.6.1\resp\org\glassfish\jakarta.el\3.0.3\jakarta.el-3.0.3.jar;D:\softwarespace\apache-maven-3.6.1\resp\org\apache\tomcat\embed\tomcat-embed-websocket\9.0.45\tomcat-embed-websocket-9.0.45.jar;D:\softwarespace\apache-maven-3.6.1\resp\org\springframework\spring-web\5.3.6\spring-web-5.3.6.jar;D:\softwarespace\apache-maven-3.6.1\resp\org\springframework\spring-beans\5.3.6\spring-beans-5.3.6.jar;D:\softwarespace\apache-maven-3.6.1\resp\org\springframework\spring-webmvc\5.3.6\spring-webmvc-5.3.6.jar;D:\softwarespace\apache-maven-3.6.1\resp\org\springframework\spring-aop\5.3.6\spring-aop-5.3.6.jar;D:\softwarespace\apache-maven-3.6.1\resp\org\springframework\spring-expression\5.3.6\spring-expression-5.3.6.jar;D:\softwarespace\apache-maven-3.6.1\resp\com\baomidou\mybatis-plus-boot-starter\3.4.2\mybatis-plus-boot-starter-3.4.2.jar;D:\softwarespace\apache-maven-3.6.1\resp\com\baomidou\mybatis-plus\3.4.2\mybatis-plus-3.4.2.jar;D:\softwarespace\apache-maven-3.6.1\resp\com\baomidou\mybatis-plus-extension\3.4.2\mybatis-plus-extension-3.4.2.jar;D:\softwarespace\apache-maven-3.6.1\resp\com\baomidou\mybatis-plus-core\3.4.2\mybatis-plus-core-3.4.2.jar;D:\softwarespace\apache-maven-3.6.1\resp\com\baomidou\mybatis-plus-annotation\3.4.2\mybatis-plus-annotation-3.4.2.jar;D:\softwarespace\apache-maven-3.6.1\resp\com\github\jsqlparser\jsqlparser\4.0\jsqlparser-4.0.jar;D:\softwarespace\apache-maven-3.6.1\resp\org\mybatis\mybatis\3.5.6\mybatis-3.5.6.jar;D:\softwarespace\apache-maven-3.6.1\resp\org\mybatis\mybatis-spring\2.0.5\mybatis-spring-2.0.5.jar;D:\softwarespace\apache-maven-3.6.1\resp\org\springframework\boot\spring-boot-starter-jdbc\2.4.5\spring-boot-starter-jdbc-2.4.5.jar;D:\softwarespace\apache-maven-3.6.1\resp\com\zaxxer\HikariCP\3.4.5\HikariCP-3.4.5.jar;D:\softwarespace\apache-maven-3.6.1\resp\org\springframework\spring-jdbc\5.3.6\spring-jdbc-5.3.6.jar;D:\softwarespace\apache-maven-3.6.1\resp\org\springframework\spring-tx\5.3.6\spring-tx-5.3.6.jar;D:\softwarespace\apache-maven-3.6.1\resp\org\projectlombok\lombok\1.18.20\lombok-1.18.20.jar;D:\softwarespace\apache-maven-3.6.1\resp\com\alibaba\fastjson\1.2.76\fastjson-1.2.76.jar;D:\softwarespace\apache-maven-3.6.1\resp\commons-lang\commons-lang\2.6\commons-lang-2.6.jar;D:\softwarespace\apache-maven-3.6.1\resp\mysql\mysql-connector-java\8.0.23\mysql-connector-java-8.0.23.jar;D:\softwarespace\apache-maven-3.6.1\resp\com\alibaba\druid-spring-boot-starter\1.1.23\druid-spring-boot-starter-1.1.23.jar;D:\softwarespace\apache-maven-3.6.1\resp\com\alibaba\druid\1.1.23\druid-1.1.23.jar;D:\softwarespace\apache-maven-3.6.1\resp\org\slf4j\slf4j-api\1.7.30\slf4j-api-1.7.30.jar;"/>
    <property name="sun.cpu.endian" value="little"/>
    <property name="user.home" value="C:\Users\86185"/>
    <property name="user.language" value="zh"/>
    <property name="java.specification.vendor" value="Oracle Corporation"/>
    <property name="java.home" value="C:\Program Files\AdoptOpenJDK\jdk8\jre"/>
    <property name="basedir" value="D:\Codefield\IdeaProjects\JAVAEE\reggie\reggie"/>
    <property name="file.separator" value="\"/>
    <property name="line.separator" value="&#10;"/>
    <property name="java.vm.specification.vendor" value="Oracle Corporation"/>
    <property name="java.specification.name" value="Java Platform API Specification"/>
    <property name="java.awt.graphicsenv" value="sun.awt.Win32GraphicsEnvironment"/>
    <property name="surefire.real.class.path" value="C:\Users\86185\AppData\Local\Temp\surefire4883322235040014820\surefirebooter5389044035025105665.jar"/>
    <property name="sun.boot.class.path" value="C:\Program Files\AdoptOpenJDK\jdk8\jre\lib\resources.jar;C:\Program Files\AdoptOpenJDK\jdk8\jre\lib\rt.jar;C:\Program Files\AdoptOpenJDK\jdk8\jre\lib\sunrsasign.jar;C:\Program Files\AdoptOpenJDK\jdk8\jre\lib\jsse.jar;C:\Program Files\AdoptOpenJDK\jdk8\jre\lib\jce.jar;C:\Program Files\AdoptOpenJDK\jdk8\jre\lib\charsets.jar;C:\Program Files\AdoptOpenJDK\jdk8\jre\lib\jfr.jar;C:\Program Files\AdoptOpenJDK\jdk8\jre\classes"/>
    <property name="user.script" value=""/>
    <property name="sun.management.compiler" value="HotSpot Client Compiler"/>
    <property name="java.runtime.version" value="1.8.0_311-b11"/>
    <property name="user.name" value="姝、"/>
    <property name="path.separator" value=";"/>
    <property name="os.version" value="10.0"/>
    <property name="java.endorsed.dirs" value="C:\Program Files\AdoptOpenJDK\jdk8\jre\lib\endorsed"/>
    <property name="java.runtime.name" value="Java(TM) SE Runtime Environment"/>
    <property name="file.encoding" value="GBK"/>
    <property name="java.vm.name" value="Java HotSpot(TM) Client VM"/>
    <property name="localRepository" value="D:\softwarespace\apache-maven-3.6.1\resp"/>
    <property name="java.vendor.url.bug" value="http://bugreport.sun.com/bugreport/"/>
    <property name="java.io.tmpdir" value="C:\Users\86185\AppData\Local\Temp\"/>
    <property name="idea.version" value="2021.1"/>
    <property name="java.version" value="1.8.0_311"/>
    <property name="user.dir" value="D:\Codefield\IdeaProjects\JAVAEE\reggie\reggie"/>
    <property name="os.arch" value="x86"/>
    <property name="java.vm.specification.name" value="Java Virtual Machine Specification"/>
    <property name="java.awt.printerjob" value="sun.awt.windows.WPrinterJob"/>
    <property name="sun.os.patch.level" value=""/>
    <property name="java.library.path" value="C:\Program Files\AdoptOpenJDK\jdk8\jre\bin;C:\WINDOWS\Sun\Java\bin;C:\WINDOWS\system32;C:\WINDOWS;D:\softwarespace\Anaconda3\condabin;D:\Program Files (x86)\VMware\VMware Player\bin\;C:\Program Files\Microsoft MPI\Bin\;C:\Program Files\NVIDIA GPU Computing Toolkit\CUDA\v11.0\bin;C:\Program Files\NVIDIA GPU Computing Toolkit\CUDA\v11.0\libnvvp;C:\Program Files\NVIDIA GPU Computing Toolkit\CUDA\v11.0\extras\CUPTI\lib64;C:\Program Files\NVIDIA GPU Computing Toolkit\CUDA\v11.0\cudnn\bin;C:\Program Files\AdoptOpenJDK\jdk8\bin;D:\softwarespace\hadoop-2.8.1\bin;C:\Windows\system32;C:\Windows;C:\Windows\System32\Wbem;C:\Windows\System32\WindowsPowerShell\v1.0\;C:\Windows\System32\OpenSSH\;C:\Program Files (x86)\NVIDIA Corporation\PhysX\Common;C:\Program Files\NVIDIA Corporation\NVIDIA NvDLISR;C:\WINDOWS\system32;C:\WINDOWS;C:\WINDOWS\System32\Wbem;C:\WINDOWS\System32\WindowsPowerShell\v1.0\;C:\WINDOWS\System32\OpenSSH\;C:\Program Files\nodejs\;C:\Program Files\mingw64\bin;C:\Program Files\MySQL\MySQL Server 8.0\bin;D:\softwarespace\Anaconda3\Scripts;C:\Program Files\NVIDIA Corporation\Nsight Compute 2020.1.1\;D:\softwarespace\Xshell\;D:\softwarespace\Xftp\;D:\softwarespace\neo4j-community-4.3.6\bin;D:\softwarespace\neo4j-chs-community-4.2.2-windows\bin;D:\softwarespace\Git\cmd;C:\Program Files\Microsoft SQL Server\150\Tools\Binn\;C:\Program Files\Microsoft SQL Server\Client SDK\ODBC\170\Tools\Binn\;C:\WINDOWS\system32;C:\WINDOWS;C:\WINDOWS\System32\Wbem;C:\WINDOWS\System32\WindowsPowerShell\v1.0\;C:\WINDOWS\System32\OpenSSH\;C:\Program Files (x86)\Microsoft SQL Server\150\Tools\Binn\;C:\Program Files\Microsoft SQL Server\150\DTS\Binn\;C:\Program Files (x86)\Microsoft SQL Server\150\DTS\Binn\;C:\Users\86185\AppData\Roaming\npm;C:\Program Files\Docker\Docker\resources\bin;C:\ProgramData\DockerDesktop\version-bin;C:\Program Files (x86)\Windows Kits\8.1\Windows Performance Toolkit\;D:\softwarespace\apache-maven-3.6.1\bin;D:\Program Files\Redis\;C:\Users\86185\AppData\Local\Programs\Python\Python37\Scripts\;C:\Users\86185\AppData\Local\Programs\Python\Python37\;C:\Users\86185\AppData\Local\Programs\Python\Python39\Scripts\;C:\Users\86185\AppData\Local\Programs\Python\Python39\;D:\Microsoft VS Code\bin;C:\Users\86185\AppData\Local\Microsoft\WindowsApps;C:\Program Files\JetBrains\IntelliJ IDEA 2021.1\bin;;C:\Program Files\JetBrains\PyCharm 2022.1.4\bin;;D:\softwarespace\Git\bin;;C:\Program Files\JetBrains\CLion 2021.3.3\bin;;C:\Program Files\JetBrains\DataGrip 2022.1.4\bin;;."/>
    <property name="java.vm.info" value="mixed mode"/>
    <property name="java.vendor" value="Oracle Corporation"/>
    <property name="java.vm.version" value="25.311-b11"/>
    <property name="java.ext.dirs" value="C:\Program Files\AdoptOpenJDK\jdk8\jre\lib\ext;C:\WINDOWS\Sun\Java\lib\ext"/>
    <property name="sun.io.unicode.encoding" value="UnicodeLittle"/>
    <property name="maven.repo.local" value="D:\softwarespace\apache-maven-3.6.1\resp"/>
    <property name="java.class.version" value="52.0"/>
  </properties>
  <testcase name="contextLoads" classname="com.yruns.ReggieApplicationTests" time="0.175"/>
</testsuite>